<?xml version="1.0" encoding="UTF-8"?>
<!-- Generated by org.testng.reporters.JUnitXMLReporter -->
<testsuite hostname="sagar-PC" ignored="0" name="HomeTest" tests="2" failures="0" timestamp="2020-05-18T20:44:02 IST" time="0.115" errors="0">
  <testcase name="basepagenavigation" time="0.0" classname="E2EAutomation.Allinonemaven.Home">
    <skipped/>
  </testcase> <!-- basepagenavigation -->
  <testcase name="basepagenavigation" time="0.0" classname="E2EAutomation.Allinonemaven.Home">
    <skipped/>
  </testcase> <!-- basepagenavigation -->
</testsuite> <!-- HomeTest -->
