<?xml version="1.0" encoding="UTF-8"?>
<!-- Generated by org.testng.reporters.JUnitXMLReporter -->
<testsuite hostname="SPICITY906" name="Test" tests="3" failures="0" timestamp="1 Jul 2019 09:51:39 GMT" time="46.673" errors="0">
  <testcase name="basepagenavigation" time="0.117" classname="E2EAutomation.Allinonemaven.ValidateTitle"/>
  <testcase name="basepagenavigation" time="10.529" classname="E2EAutomation.Allinonemaven.Home"/>
  <testcase name="basepagenavigation" time="11.439" classname="E2EAutomation.Allinonemaven.Home"/>
</testsuite> <!-- Test -->
