<?xml version="1.0" encoding="UTF-8"?>
<!-- Generated by org.testng.reporters.JUnitXMLReporter -->
<testsuite hostname="SPICITY906" ignored="0" name="Test" tests="3" failures="0" timestamp="02 Jul 2019 07:06:03 GMT" time="57.172" errors="0">
  <testcase name="basepagenavigation" time="0.154" classname="E2EAutomation.Allinonemaven.ValidateTitle"/>
  <testcase name="basepagenavigation" time="17.526" classname="E2EAutomation.Allinonemaven.Home"/>
  <testcase name="basepagenavigation" time="10.543" classname="E2EAutomation.Allinonemaven.Home"/>
</testsuite> <!-- Test -->
