<?xml version="1.0" encoding="UTF-8"?>
<!-- Generated by org.testng.reporters.JUnitXMLReporter -->
<testsuite hostname="sagar-PC" ignored="0" name="Test" tests="4" failures="0" timestamp="2020-05-16T16:44:14 IST" time="42.266" errors="0">
  <testcase name="@BeforeTest initialize" time="0.001" classname="EndtoEnd.FrameworkE2E.validateNavigationBar">
    <failure type="java.io.FileNotFoundException" message="C:\Users\rahul\E2EProject\src\main\java\resources\data.properties (The system cannot find the path specified)">
      <![CDATA[java.io.FileNotFoundException: C:\Users\rahul\E2EProject\src\main\java\resources\data.properties (The system cannot find the path specified)
at java.io.FileInputStream.open0(Native Method)
at java.io.FileInputStream.open(Unknown Source)
at java.io.FileInputStream.<init>(Unknown Source)
at java.io.FileInputStream.<init>(Unknown Source)
at resources.base.initializeDriver(base.java:25)
at EndtoEnd.FrameworkE2E.validateNavigationBar.initialize(validateNavigationBar.java:30)
... Removed 24 stack frames]]>
    </failure>
  </testcase> <!-- @BeforeTest initialize -->
  <testcase name="@BeforeTest initialize" time="-1.58962765433E9" classname="EndtoEnd.FrameworkE2E.validateTitle">
    <skipped/>
  </testcase> <!-- @BeforeTest initialize -->
  <testcase name="@AfterTest teardown" time="-1.589627654461E9" classname="EndtoEnd.FrameworkE2E.Homepage">
    <skipped/>
  </testcase> <!-- @AfterTest teardown -->
  <testcase name="@AfterTest teardown" time="-1.589627654463E9" classname="EndtoEnd.FrameworkE2E.validateNavigationBar">
    <skipped/>
  </testcase> <!-- @AfterTest teardown -->
  <testcase name="@AfterTest teardown" time="-1.589627654465E9" classname="EndtoEnd.FrameworkE2E.validateTitle">
    <skipped/>
  </testcase> <!-- @AfterTest teardown -->
  <testcase name="basePageNavigation" time="0.0" classname="EndtoEnd.FrameworkE2E.Homepage">
    <skipped/>
  </testcase> <!-- basePageNavigation -->
  <testcase name="basePageNavigation" time="0.0" classname="EndtoEnd.FrameworkE2E.Homepage">
    <skipped/>
  </testcase> <!-- basePageNavigation -->
  <testcase name="validateAppTitle" time="0.0" classname="EndtoEnd.FrameworkE2E.validateTitle">
    <skipped/>
  </testcase> <!-- validateAppTitle -->
  <testcase name="validateAppNavBar" time="0.0" classname="EndtoEnd.FrameworkE2E.validateNavigationBar">
    <skipped/>
  </testcase> <!-- validateAppNavBar -->
</testsuite> <!-- Test -->
